[debug] [2017-08-30T10:04:01.420Z] ----------------------------------------------------------------------
[debug] [2017-08-30T10:04:01.423Z] Command:      /usr/local/bin/node /usr/local/bin/firebase deploy
[debug] [2017-08-30T10:04:01.424Z] CLI Version:  3.9.1
[debug] [2017-08-30T10:04:01.424Z] Platform:     darwin
[debug] [2017-08-30T10:04:01.424Z] Node Version: v6.11.1
[debug] [2017-08-30T10:04:01.425Z] Time:         Wed Aug 30 2017 12:04:01 GMT+0200 (CEST)
[debug] [2017-08-30T10:04:01.425Z] ----------------------------------------------------------------------
[debug] 
[debug] [2017-08-30T10:04:01.445Z] > command requires scopes: ["email","openid","https://www.googleapis.com/auth/cloudplatformprojects.readonly","https://www.googleapis.com/auth/firebase","https://www.googleapis.com/auth/cloud-platform"]
[debug] [2017-08-30T10:04:01.445Z] > authorizing via signed-in user
[debug] [2017-08-30T10:04:01.448Z] > refreshing access token with scopes: ["email","https://www.googleapis.com/auth/cloud-platform","https://www.googleapis.com/auth/cloudplatformprojects.readonly","https://www.googleapis.com/auth/firebase","openid"]
[debug] [2017-08-30T10:04:01.448Z] >>> HTTP REQUEST POST https://www.googleapis.com/oauth2/v3/token { refresh_token: '1/vf1MFnIVio6XuSfcfRb3OKKF5awIngRlaSb6lC9UxYc',
  client_id: '563584335869-fgrhgmd47bqnekij5i8b5pr03ho849e6.apps.googleusercontent.com',
  client_secret: 'j9iVZfS8kkCEFUPaAeJV0sAi',
  grant_type: 'refresh_token',
  scope: 'email https://www.googleapis.com/auth/cloud-platform https://www.googleapis.com/auth/cloudplatformprojects.readonly https://www.googleapis.com/auth/firebase openid' } 
 Wed Aug 30 2017 12:04:01 GMT+0200 (CEST)
[debug] [2017-08-30T10:04:01.699Z] <<< HTTP RESPONSE 200
[debug] [2017-08-30T10:04:01.707Z] >>> HTTP REQUEST GET https://admin.firebase.com/v1/projects/teachme-7ed11  
 Wed Aug 30 2017 12:04:01 GMT+0200 (CEST)
[debug] [2017-08-30T10:04:02.992Z] <<< HTTP RESPONSE 200
[debug] [2017-08-30T10:04:02.994Z] >>> HTTP REQUEST GET https://admin.firebase.com/v1/database/teachme-7ed11/tokens  
 Wed Aug 30 2017 12:04:02 GMT+0200 (CEST)
[debug] [2017-08-30T10:04:04.023Z] <<< HTTP RESPONSE 200
[info] 
[info] === Deploying to 'teachme-7ed11'...
[info] 
[info] i  deploying database, functions, hosting
[info] ✔  database: rules ready to deploy.
[debug] [2017-08-30T10:04:05.534Z] > [functions] package.json contents: {
  "name": "functions",
  "description": "Cloud Functions for Firebase",
  "dependencies": {
    "firebase-admin": "~4.2.1",
    "firebase-functions": "^0.5.7"
  },
  "private": true
}
[info] i  functions: ensuring necessary APIs are enabled...
[info] i  runtimeconfig: ensuring necessary APIs are enabled...
[debug] [2017-08-30T10:04:05.536Z] >>> HTTP REQUEST GET https://servicemanagement.googleapis.com/v1/services/cloudfunctions.googleapis.com/projectSettings/teachme-7ed11?view=CONSUMER_VIEW  
 Wed Aug 30 2017 12:04:05 GMT+0200 (CEST)
[debug] [2017-08-30T10:04:05.536Z] >>> HTTP REQUEST GET https://servicemanagement.googleapis.com/v1/services/runtimeconfig.googleapis.com/projectSettings/teachme-7ed11?view=CONSUMER_VIEW  
 Wed Aug 30 2017 12:04:05 GMT+0200 (CEST)
[debug] [2017-08-30T10:04:06.789Z] <<< HTTP RESPONSE 200
[info] ✔  runtimeconfig: all necessary APIs are enabled
[debug] [2017-08-30T10:04:06.818Z] <<< HTTP RESPONSE 200
[info] ✔  functions: all necessary APIs are enabled
[debug] [2017-08-30T10:04:06.819Z] >>> HTTP REQUEST GET https://appengine.googleapis.com/v1/apps/teachme-7ed11  
 Wed Aug 30 2017 12:04:06 GMT+0200 (CEST)
[debug] [2017-08-30T10:04:06.819Z] >>> HTTP REQUEST GET https://apikeys.googleapis.com/v1/projects/teachme-7ed11/apiKeys  
 Wed Aug 30 2017 12:04:06 GMT+0200 (CEST)
[debug] [2017-08-30T10:04:07.811Z] <<< HTTP RESPONSE 200
[debug] [2017-08-30T10:04:07.814Z] <<< HTTP RESPONSE 200
[info] i  functions: preparing functions directory for uploading...
[debug] [2017-08-30T10:04:09.967Z] >>> HTTP REQUEST GET https://runtimeconfig.googleapis.com/v1beta1/projects/teachme-7ed11/configs  
 Wed Aug 30 2017 12:04:09 GMT+0200 (CEST)
[debug] [2017-08-30T10:04:10.321Z] <<< HTTP RESPONSE 200
[debug] [2017-08-30T10:04:10.322Z] >>> HTTP REQUEST GET https://runtimeconfig.googleapis.com/v1beta1/projects/teachme-7ed11/configs/gmail/variables  
 Wed Aug 30 2017 12:04:10 GMT+0200 (CEST)
[debug] [2017-08-30T10:04:10.694Z] <<< HTTP RESPONSE 200
[debug] [2017-08-30T10:04:10.698Z] >>> HTTP REQUEST GET https://runtimeconfig.googleapis.com/v1beta1/projects/teachme-7ed11/configs/gmail/variables/password  
 Wed Aug 30 2017 12:04:10 GMT+0200 (CEST)
[debug] [2017-08-30T10:04:10.699Z] >>> HTTP REQUEST GET https://runtimeconfig.googleapis.com/v1beta1/projects/teachme-7ed11/configs/gmail/variables/email  
 Wed Aug 30 2017 12:04:10 GMT+0200 (CEST)
[debug] [2017-08-30T10:04:11.055Z] <<< HTTP RESPONSE 200
[debug] [2017-08-30T10:04:11.088Z] <<< HTTP RESPONSE 200
[info] i  hosting: preparing public directory for upload...
[debug] [2017-08-30T10:04:18.835Z] >>> HTTP REQUEST PUT https://deploy.firebase.com/v1/hosting/teachme-7ed11/uploads/-KsmaGYEL1OT4JTrVIeH?fileCount=3490&message=  
 Wed Aug 30 2017 12:04:18 GMT+0200 (CEST)
